<?xml version="1.0" encoding="UTF-8"?>
<!-- Generated by org.testng.reporters.JUnitReportReporter -->
<testsuite hostname="DESKTOP-JRLQA3I" failures="0" tests="2" name="test.ValidateHomePage" time="13.770" errors="0" timestamp="2024-08-07T18:21:35 IST" skipped="0">
  <testcase classname="test.ValidateHomePage" name="validateDashBoardPage" time="11.128"/>
  <system-out/>
  <testcase classname="test.ValidateHomePage" name="validateHomePage" time="2.642"/>
  <system-out/>
</testsuite> <!-- test.ValidateHomePage -->
